
ROM used:   84/8192 (1%)
            84/8192 (1%) including unused fragments

            0.1 Average locations per line
            16.8 Average locations per statement

RAM used:   12/368 (3%) at main() level
            13/368 (4%) worst case

Stack used: 1 worst case (0 in main + 1 for interrupts)
Stack size: 8

Lines Stmts  %   Files
----- ----- ---  -----
   20     5 100  main.c
   11     0   0  main.h
  610     0   0  ..\..\..\..\..\..\Program Files (x86)\PICC\Devices\16F876A.h
----- -----
  641     5 Total

Page ROM  %  RAM   Vol Diff  Functions:
---- --- --- ---   --- ----  ----------
0     10  12    1    22  1.1  RDA_isr
0     25  30    0    48  1.4  MAIN
 Inline         0             @cinit1

Program metrics:
    Functions               2
    Statements              5
    Comments                105
    Volume (V)              93
    Difficulty (D)          2.3
    Effort to implement (E) 218
    Time to implement (T)   0 minutes
    Est Delivered Bugs (B)  0
    Cyclomatic Complexity   1
    Maintainability (MI)    87

 Segment     Used  Free
-----------  ----  ----
00000-00003     4  0  
00004-00030    45  0  
00031-007FF    35  1964  
00800-00FFF     0  2048  
01000-017FF     0  2048  
01800-01FFF     0  2048  



