CCS PCM C Compiler, Version 5.008, 5967               18-jun-18 10:09

               Filename:   C:\Users\mateu\Google Drive\Engenharia\Microcontroladores\Receptor\main.lst

               ROM used:   84 words (1%)
                           Largest free fragment is 2048
               RAM used:   12 (3%) at main() level
                           13 (4%) worst case
               Stack used: 1 locations (0 in main + 1 for interrupts)
               Stack size: 8

*
0000:  MOVLW  00
0001:  MOVWF  0A
0002:  GOTO   03B
0003:  NOP
0004:  MOVWF  7F
0005:  SWAPF  03,W
0006:  CLRF   03
0007:  MOVWF  21
0008:  MOVF   0A,W
0009:  MOVWF  20
000A:  CLRF   0A
000B:  MOVF   04,W
000C:  MOVWF  22
000D:  MOVF   77,W
000E:  MOVWF  23
000F:  MOVF   78,W
0010:  MOVWF  24
0011:  MOVF   79,W
0012:  MOVWF  25
0013:  MOVF   7A,W
0014:  MOVWF  26
0015:  BCF    03.7
0016:  BCF    03.5
0017:  MOVLW  8C
0018:  MOVWF  04
0019:  BTFSS  00.5
001A:  GOTO   01D
001B:  BTFSC  0C.5
001C:  GOTO   02E
001D:  MOVF   22,W
001E:  MOVWF  04
001F:  MOVF   23,W
0020:  MOVWF  77
0021:  MOVF   24,W
0022:  MOVWF  78
0023:  MOVF   25,W
0024:  MOVWF  79
0025:  MOVF   26,W
0026:  MOVWF  7A
0027:  MOVF   20,W
0028:  MOVWF  0A
0029:  SWAPF  21,W
002A:  MOVWF  03
002B:  SWAPF  7F,F
002C:  SWAPF  7F,W
002D:  RETFIE
002E:  BCF    0A.3
002F:  BCF    0A.4
0030:  GOTO   031
.................... #include <main.h> 
.................... #include <16F876A.h> 
.................... //////// Standard Header file for the PIC16F876A device //////////////// 
.................... #device PIC16F876A 
....................  
.................... #list 
....................  
.................... #device ADC=16 
....................  
.................... #FUSES NOWDT                    //No Watch Dog Timer 
.................... #FUSES NOBROWNOUT               //No brownout reset 
.................... #FUSES NOLVP                    //No low voltage prgming, B3(PIC16) or B5(PIC18) used for I/O 
....................  
.................... #use delay(crystal=20000000) 
.................... #use rs232(baud=2400,parity=N,xmit=PIN_C6,rcv=PIN_C7,bits=8,stream=PORT1) 
....................  
....................  
....................  
.................... #INT_RDA 
.................... void  RDA_isr(void)  
.................... { 
....................    putc(getc()); 
0031:  BTFSS  0C.5
0032:  GOTO   031
0033:  MOVF   1A,W
0034:  BTFSS  0C.4
0035:  GOTO   034
0036:  MOVWF  19
0037:  BCF    0C.5
0038:  BCF    0A.3
0039:  BCF    0A.4
003A:  GOTO   01D
.................... } 
....................  
.................... void main() 
003B:  MOVF   03,W
003C:  ANDLW  1F
003D:  MOVWF  03
003E:  MOVLW  81
003F:  BSF    03.5
0040:  MOVWF  19
0041:  MOVLW  A2
0042:  MOVWF  18
0043:  MOVLW  90
0044:  BCF    03.5
0045:  MOVWF  18
0046:  BSF    03.5
0047:  BSF    1F.0
0048:  BSF    1F.1
0049:  BSF    1F.2
004A:  BCF    1F.3
004B:  MOVLW  07
004C:  MOVWF  1C
004D:  BCF    03.7
.................... { 
....................    enable_interrupts(INT_RDA); 
004E:  BSF    0C.5
....................    enable_interrupts(GLOBAL); 
004F:  MOVLW  C0
0050:  BCF    03.5
0051:  IORWF  0B,F
....................  
....................    while(TRUE) 
....................    { 
0052:  GOTO   052
....................       //TODO: User Code 
....................    } 
....................  
.................... } 
0053:  SLEEP

Configuration Fuses:
   Word  1: 3F32   HS NOWDT PUT NOBROWNOUT NOLVP NOCPD NOWRT NODEBUG NOPROTECT
