*** Error 1 "main.c" Line 25(1,2): Illegal C character in input file  0x80
*** Error 1 "main.c" Line 25(1,2): Illegal C character in input file  0x00
*** Error 1 "main.c" Line 25(2,3): Illegal C character in input file  0x0E
*** Error 1 "main.c" Line 25(2,3): Illegal C character in input file  0x00
*** Error 1 "main.c" Line 25(2,3): Illegal C character in input file  0x00
*** Error 1 "main.c" Line 25(2,3): Illegal C character in input file  0xFF
*** Error 1 "main.c" Line 25(2,3): Illegal C character in input file  0xFF
*** Error 1 "main.c" Line 25(2,3): Illegal C character in input file  0xFF
*** Error 1 "main.c" Line 25(2,3): Illegal C character in input file  0x00
*** Error 1 "main.c" Line 25(2,3): Illegal C character in input file  0x06
*** Error 1 "main.c" Line 25(2,3): Illegal C character in input file  0x00
*** Error 1 "main.c" Line 25(2,3): Illegal C character in input file  0x00
*** Error 1 "main.c" Line 25(2,3): Illegal C character in input file  0x00
*** Error 1 "main.c" Line 25(2,3): Illegal C character in input file  0x00
*** Error 1 "main.c" Line 25(2,3): Illegal C character in input file  0x00
*** Error 1 "main.c" Line 25(2,3): Illegal C character in input file  0x00
*** Error 1 "main.c" Line 25(2,3): Illegal C character in input file  0x00
*** Error 1 "main.c" Line 25(6,7): Illegal C character in input file  0x1C
*** Error 1 "main.c" Line 25(6,7): Illegal C character in input file  0xD5
*** Error 27 "main.c" Line 25(6,7): Expression must evaluate to a constant
*** Error 1 "main.c" Line 25(10,11): Illegal C character in input file  0xB7
*** Error 48 "main.c" Line 25(9,10): Expecting a (
*** Error 1 "main.c" Line 25(13,14): Illegal C character in input file  0xAE
*** Error 43 "main.c" Line 25(15,16): Expecting a declaration
*** Error 1 "main.c" Line 25(15,16): Illegal C character in input file  0xE5
*** Error 1 "main.c" Line 25(15,16): Illegal C character in input file  0x40
*** Error 1 "main.c" Line 25(15,16): Illegal C character in input file  0xB4
*** Error 1 "main.c" Line 25(15,16): Illegal C character in input file  0x05
*** Error 1 "main.c" Line 25(15,16): Illegal C character in input file  0x00
*** Error 1 "main.c" Line 25(15,16): Illegal C character in input file  0x00
*** Error 1 "main.c" Line 25(15,16): Illegal C character in input file  0xB0
*** Error 1 "main.c" Line 25(15,16): Illegal C character in input file  0xD7
*** Error 1 "main.c" Line 25(15,16): Illegal C character in input file  0x01
*** Error 1 "main.c" Line 25(15,16): Illegal C character in input file  0x00
*** Error 1 "main.c" Line 25(15,16): Illegal C character in input file  0x80
*** Error 1 "main.c" Line 25(15,16): Illegal C character in input file  0x00
*** Error 1 "main.c" Line 25(15,16): Illegal C character in input file  0x00
*** Error 1 "main.c" Line 25(15,16): Illegal C character in input file  0x00
*** Error 1 "main.c" Line 25(15,16): Illegal C character in input file  0x00
*** Error 1 "main.c" Line 25(15,16): Illegal C character in input file  0x00
*** Error 1 "main.c" Line 25(15,16): Illegal C character in input file  0x00
*** Error 1 "main.c" Line 25(15,16): Illegal C character in input file  0x00
*** Error 1 "main.c" Line 25(15,16): Illegal C character in input file  0x00
*** Error 1 "main.c" Line 25(15,16): Illegal C character in input file  0x00
*** Error 1 "main.c" Line 25(15,16): Illegal C character in input file  0x00
*** Error 1 "main.c" Line 25(15,16): Illegal C character in input file  0x00
*** Error 1 "main.c" Line 25(15,16): Illegal C character in input file  0xF0
*** Error 1 "main.c" Line 25(22,23): Illegal C character in input file  0x0C
*** Error 1 "main.c" Line 25(22,23): Illegal C character in input file  0x08
*** Error 1 "main.c" Line 25(22,23): Illegal C character in input file  0x40
*** Error 43 "main.c" Line 25(22,23): Expecting a declaration
*** Error 1 "main.c" Line 25(25,26): Illegal C character in input file  0xE9
*** Error 1 "main.c" Line 25(25,26): Illegal C character in input file  0x07
*** Error 1 "main.c" Line 25(25,26): Illegal C character in input file  0xD0
*** Error 43 "main.c" Line 25(25,26): Expecting a declaration
*** Error 1 "main.c" Line 25(28,29): Illegal C character in input file  0xE9
*** Error 1 "main.c" Line 25(28,29): Illegal C character in input file  0x07
*** Error 1 "main.c" Line 25(28,29): Illegal C character in input file  0x00
*** Error 1 "main.c" Line 25(28,29): Illegal C character in input file  0x00
*** Error 1 "main.c" Line 25(28,29): Illegal C character in input file  0x00
*** Error 1 "main.c" Line 25(28,29): Illegal C character in input file  0x00
*** Error 1 "main.c" Line 25(28,29): Illegal C character in input file  0x90
*** Error 43 "main.c" Line 25(28,29): Expecting a declaration
*** Error 1 "main.c" Line 25(31,32): Illegal C character in input file  0xE9
*** Error 1 "main.c" Line 25(31,32): Illegal C character in input file  0x07
*** Error 1 "main.c" Line 25(31,32): Illegal C character in input file  0x00
*** Error 1 "main.c" Line 25(31,32): Illegal C character in input file  0x00
*** Error 1 "main.c" Line 25(31,32): Illegal C character in input file  0x00
*** Error 1 "main.c" Line 25(31,32): Illegal C character in input file  0x00
*** Error 1 "main.c" Line 25(31,32): Illegal C character in input file  0x00
*** Error 1 "main.c" Line 25(31,32): Illegal C character in input file  0x00
*** Error 1 "main.c" Line 25(31,32): Illegal C character in input file  0x00
*** Error 1 "main.c" Line 25(31,32): Illegal C character in input file  0x00
*** Error 1 "main.c" Line 25(31,32): Illegal C character in input file  0x00
*** Error 1 "main.c" Line 25(31,32): Illegal C character in input file  0x00
*** Error 1 "main.c" Line 25(31,32): Illegal C character in input file  0x00
*** Error 1 "main.c" Line 25(31,32): Illegal C character in input file  0x00
*** Error 1 "main.c" Line 25(31,32): Illegal C character in input file  0x00
*** Error 1 "main.c" Line 25(31,32): Illegal C character in input file  0x00
*** Error 1 "main.c" Line 25(31,32): Illegal C character in input file  0x00
*** Error 1 "main.c" Line 25(31,32): Illegal C character in input file  0x00
*** Error 1 "main.c" Line 25(31,32): Illegal C character in input file  0x00
*** Error 1 "main.c" Line 25(31,32): Illegal C character in input file  0x00
*** Error 1 "main.c" Line 25(31,32): Illegal C character in input file  0x00
*** Error 1 "main.c" Line 25(31,32): Illegal C character in input file  0x00
*** Error 1 "main.c" Line 25(31,32): Illegal C character in input file  0x00
*** Error 1 "main.c" Line 25(31,32): Illegal C character in input file  0x00
*** Error 1 "main.c" Line 25(31,32): Illegal C character in input file  0x00
*** Error 1 "main.c" Line 25(31,32): Illegal C character in input file  0x00
*** Error 1 "main.c" Line 25(31,32): Illegal C character in input file  0x00
*** Error 1 "main.c" Line 25(31,32): Illegal C character in input file  0x00
*** Error 1 "main.c" Line 25(31,32): Illegal C character in input file  0x00
*** Error 1 "main.c" Line 25(31,32): Illegal C character in input file  0x00
*** Error 1 "main.c" Line 25(31,32): Illegal C character in input file  0x00
*** Error 1 "main.c" Line 25(31,32): Illegal C character in input file  0x00
*** Error 1 "main.c" Line 25(31,32): Illegal C character in input file  0x00
*** Error 1 "main.c" Line 25(31,32): Illegal C character in input file  0x00
*** Error 48 "main.c" Line 25(31,32): Expecting a (
*** Error 1 "main.c" Line 25(34,35): Illegal C character in input file  0x50 after \
*** Error 48 "main.c" Line 25(34,35): Expecting a (
